生成启动时间为 2016/11/10 22:40:52。
     1>项目“D:\VS2010\洗牌程序\洗牌程序\洗牌程序.vcxproj”在节点 2 上(build 个目标)。
     1>InitializeBuildStatus:
         正在创建“Debug\洗牌程序.unsuccessfulbuild”，因为已指定“AlwaysCreate”。
       ClCompile:
         D:\Project_SW\VS2010\VC\bin\CL.exe /c /ZI /nologo /W3 /WX- /Od /Oy- /D WIN32 /D _DEBUG /D _CONSOLE /D _UNICODE /D UNICODE /Gm /EHsc /RTC1 /MDd /GS /fp:precise /Zc:wchar_t /Zc:forScope /Fo"Debug\\" /Fd"Debug\vc100.pdb" /Gd /TP /analyze- /errorReport:prompt shuffle.cpp
         shuffle.cpp
     1>d:\vs2010\洗牌程序\洗牌程序\shuffle.cpp(77): warning C4244: “参数”: 从“time_t”转换到“unsigned int”，可能丢失数据
       ManifestResourceCompile:
         所有输出均为最新。
       Link:
         D:\Project_SW\VS2010\VC\bin\link.exe /ERRORREPORT:PROMPT /OUT:"D:\VS2010\洗牌程序\Debug\洗牌程序.exe" /INCREMENTAL /NOLOGO kernel32.lib user32.lib gdi32.lib winspool.lib comdlg32.lib advapi32.lib shell32.lib ole32.lib oleaut32.lib uuid.lib odbc32.lib odbccp32.lib /MANIFEST /ManifestFile:"Debug\洗牌程序.exe.intermediate.manifest" /MANIFESTUAC:"level='asInvoker' uiAccess='false'" /DEBUG /PDB:"D:\VS2010\洗牌程序\Debug\洗牌程序.pdb" /SUBSYSTEM:CONSOLE /TLBID:1 /DYNAMICBASE /NXCOMPAT /IMPLIB:"D:\VS2010\洗牌程序\Debug\洗牌程序.lib" /MACHINE:X86 "Debug\洗牌程序.exe.embed.manifest.res"
         Debug\shuffle.obj
       Manifest:
         C:\Program Files\Microsoft SDKs\Windows\v7.0A\bin\mt.exe /nologo /verbose /out:"Debug\洗牌程序.exe.embed.manifest" /manifest "Debug\洗牌程序.exe.intermediate.manifest"
         所有输出均为最新。
       LinkEmbedManifest:
         所有输出均为最新。
         洗牌程序.vcxproj -> D:\VS2010\洗牌程序\Debug\洗牌程序.exe
       FinalizeBuildStatus:
         正在删除文件“Debug\洗牌程序.unsuccessfulbuild”。
         正在对“Debug\洗牌程序.lastbuildstate”执行 Touch 任务。
     1>已完成生成项目“D:\VS2010\洗牌程序\洗牌程序\洗牌程序.vcxproj”(build 个目标)的操作。

生成成功。

已用时间 00:00:01.14
